2026-06-26 14:41:37,142 INFO [watchfiles.main] 15 changes detected
2026-06-26 14:41:38,354 INFO [watchfiles.main] 125 changes detected
2026-06-26 14:41:38,878 INFO [watchfiles.main] 5 changes detected
2026-06-26 14:41:44,298 INFO [watchfiles.main] 115 changes detected
2026-06-26 14:41:44,833 INFO [watchfiles.main] 32 changes detected
2026-06-26 14:41:50,677 INFO [watchfiles.main] 120 changes detected
2026-06-26 14:41:51,154 INFO [watchfiles.main] 15 changes detected
2026-06-26 14:41:57,484 INFO [watchfiles.main] 17 changes detected
2026-06-26 14:41:58,174 INFO [watchfiles.main] 102 changes detected
2026-06-26 14:41:58,666 INFO [watchfiles.main] 24 changes detected
2026-06-26 14:41:59,031 INFO [watchfiles.main] 5 changes detected
2026-06-26 14:42:04,558 INFO [watchfiles.main] 105 changes detected
2026-06-26 14:42:05,133 INFO [watchfiles.main] 44 changes detected
2026-06-26 14:42:05,696 INFO [watchfiles.main] 5 changes detected
2026-06-26 14:42:11,328 INFO [watchfiles.main] 113 changes detected
2026-06-26 14:42:11,903 INFO [watchfiles.main] 24 changes detected
2026-06-26 14:42:17,615 INFO [watchfiles.main] 50 changes detected
2026-06-26 14:42:18,183 INFO [watchfiles.main] 66 changes detected
2026-06-26 14:42:18,739 INFO [watchfiles.main] 5 changes detected
2026-06-26 14:42:24,038 INFO [watchfiles.main] 113 changes detected
2026-06-26 14:42:24,609 INFO [watchfiles.main] 5 changes detected
2026-06-26 14:42:30,338 INFO [watchfiles.main] 111 changes detected
2026-06-26 14:42:30,896 INFO [watchfiles.main] 11 changes detected
2026-06-26 14:42:37,339 INFO [watchfiles.main] 16 changes detected
2026-06-26 14:42:37,859 INFO [watchfiles.main] 119 changes detected
2026-06-26 14:42:38,426 INFO [watchfiles.main] 8 changes detected
2026-06-26 14:42:44,303 INFO [watchfiles.main] 126 changes detected
2026-06-26 14:42:44,859 INFO [watchfiles.main] 10 changes detected
2026-06-26 14:42:49,583 INFO [watchfiles.main] 60 changes detected
2026-06-26 14:42:50,058 INFO [watchfiles.main] 9 changes detected
2026-06-26 14:42:55,683 INFO [watchfiles.main] 1 change detected
2026-06-26 14:42:58,573 INFO [watchfiles.main] 1 change detected
2026-06-26 14:57:40,415 INFO [watchfiles.main] 5 changes detected
2026-06-26 14:57:44,852 INFO [watchfiles.main] 1 change detected
2026-06-26 14:57:53,984 INFO [watchfiles.main] 111 changes detected
2026-06-26 14:57:54,352 INFO [watchfiles.main] 67 changes detected
2026-06-26 14:57:54,711 INFO [watchfiles.main] 21 changes detected
2026-06-26 14:57:55,177 INFO [watchfiles.main] 52 changes detected
2026-06-26 14:57:55,703 INFO [watchfiles.main] 4 changes detected
2026-06-26 14:57:56,336 INFO [watchfiles.main] 4 changes detected
2026-06-26 14:57:56,745 INFO [watchfiles.main] 4 changes detected
2026-06-26 14:57:57,268 INFO [watchfiles.main] 1 change detected
2026-06-26 14:57:59,198 INFO [watchfiles.main] 13 changes detected
2026-06-26 14:57:59,561 INFO [watchfiles.main] 2 changes detected
2026-06-26 14:58:03,939 INFO [watchfiles.main] 74 changes detected
2026-06-26 14:58:04,466 INFO [watchfiles.main] 3 changes detected
2026-06-26 14:59:22,483 INFO [watchfiles.main] 4 changes detected
2026-06-26 15:04:22,099 INFO [watchfiles.main] 4 changes detected
2026-06-26 15:04:25,356 INFO [watchfiles.main] 4 changes detected
2026-06-26 15:04:27,328 INFO [watchfiles.main] 4 changes detected
2026-06-26 15:04:29,261 INFO [watchfiles.main] 4 changes detected
2026-06-26 15:04:30,539 INFO [watchfiles.main] 6 changes detected
2026-06-26 15:04:31,854 INFO [watchfiles.main] 4 changes detected
2026-06-26 15:04:32,906 INFO [watchfiles.main] 4 changes detected
2026-06-26 15:04:33,704 INFO [watchfiles.main] 4 changes detected
2026-06-26 15:04:34,489 INFO [watchfiles.main] 4 changes detected
2026-06-26 15:04:35,547 INFO [watchfiles.main] 2 changes detected
2026-06-26 15:04:36,019 INFO [watchfiles.main] 4 changes detected
2026-06-26 15:04:36,743 INFO [watchfiles.main] 4 changes detected
2026-06-26 15:04:39,921 INFO [watchfiles.main] 4 changes detected
2026-06-26 15:04:40,447 INFO [watchfiles.main] 4 changes detected
2026-06-26 16:03:52,487 INFO [watchfiles.main] 6 changes detected
2026-06-26 16:04:32,955 INFO [watchfiles.main] 5 changes detected
2026-06-26 16:05:23,638 INFO [watchfiles.main] 1 change detected
2026-06-26 16:20:53 INFO     [onshape_export_manager.web] Web application initialized version=0.1.0
2026-06-26 16:21:15 INFO     [onshape_export_manager.web] Web application initialized version=0.1.0
2026-06-26 16:21:15 INFO     [onshape_export_manager.web] Web application initialized version=0.1.0
2026-06-26 16:21:15 INFO     [httpx] HTTP Request: GET http://testserver/ "HTTP/1.1 200 OK"
2026-06-26 16:21:15 INFO     [httpx] HTTP Request: GET http://testserver/accounts "HTTP/1.1 200 OK"
2026-06-26 16:21:15 INFO     [httpx] HTTP Request: GET http://testserver/labels "HTTP/1.1 200 OK"
2026-06-26 16:21:15 INFO     [httpx] HTTP Request: GET http://testserver/export-profiles "HTTP/1.1 200 OK"
2026-06-26 16:21:15 INFO     [httpx] HTTP Request: GET http://testserver/manual-export "HTTP/1.1 200 OK"
2026-06-26 16:21:15 INFO     [httpx] HTTP Request: GET http://testserver/queue "HTTP/1.1 200 OK"
2026-06-26 16:21:15 INFO     [httpx] HTTP Request: GET http://testserver/scheduler "HTTP/1.1 200 OK"
2026-06-26 16:21:15 INFO     [httpx] HTTP Request: GET http://testserver/history "HTTP/1.1 200 OK"
2026-06-26 16:21:15 INFO     [httpx] HTTP Request: GET http://testserver/logs "HTTP/1.1 200 OK"
2026-06-26 16:21:15 INFO     [httpx] HTTP Request: GET http://testserver/settings "HTTP/1.1 200 OK"
2026-06-26 16:21:15 INFO     [httpx] HTTP Request: GET http://testserver/plugins "HTTP/1.1 200 OK"
2026-06-26 16:21:15 INFO     [httpx] HTTP Request: GET http://testserver/nope "HTTP/1.1 200 OK"
2026-06-26 16:21:15 INFO     [httpx] HTTP Request: GET http://testserver/health "HTTP/1.1 200 OK"
2026-06-26 16:21:15 INFO     [httpx] HTTP Request: GET http://testserver/api/metrics "HTTP/1.1 200 OK"
2026-06-26 16:21:15 INFO     [httpx] HTTP Request: GET http://testserver/api/summary "HTTP/1.1 200 OK"
2026-06-26 16:21:15 INFO     [httpx] HTTP Request: GET http://testserver/api/accounts "HTTP/1.1 200 OK"
2026-06-26 16:21:15 INFO     [httpx] HTTP Request: GET http://testserver/api/labels "HTTP/1.1 200 OK"
2026-06-26 16:21:15 INFO     [httpx] HTTP Request: GET http://testserver/api/profiles "HTTP/1.1 200 OK"
2026-06-26 16:21:15 INFO     [httpx] HTTP Request: GET http://testserver/api/formats "HTTP/1.1 200 OK"
2026-06-26 16:21:15 INFO     [httpx] HTTP Request: GET http://testserver/api/queue "HTTP/1.1 200 OK"
2026-06-26 16:21:15 INFO     [httpx] HTTP Request: GET http://testserver/api/history "HTTP/1.1 200 OK"
2026-06-26 16:21:15 INFO     [httpx] HTTP Request: GET http://testserver/api/scheduler "HTTP/1.1 200 OK"
2026-06-26 16:21:15 INFO     [httpx] HTTP Request: GET http://testserver/api/logs/app "HTTP/1.1 200 OK"
2026-06-26 16:21:15 INFO     [httpx] HTTP Request: GET http://testserver/api/search?q=stl "HTTP/1.1 200 OK"
2026-06-26 16:21:15 INFO     [httpx] HTTP Request: GET http://testserver/api/status "HTTP/1.1 200 OK"
2026-06-26 16:22:32 INFO     [onshape_export_manager.web] Web application initialized version=0.1.0
2026-06-26 16:31:53 INFO     [onshape_export_manager.web] Web application initialized version=0.1.0
2026-06-26 16:32:39 INFO     [onshape_export_manager.web] Web application initialized version=0.1.0
2026-06-26 16:33:43 INFO     [onshape_export_manager.web] Web application initialized version=0.1.0
2026-06-26 16:33:54 INFO     [onshape_export_manager.web] Web application initialized version=0.1.0
2026-06-26 16:41:17 INFO     [onshape_export_manager.web] Web application initialized version=0.1.0
2026-06-26 16:42:04 INFO     [onshape_export_manager.web] Web application initialized version=0.1.0
2026-06-26 16:42:05 INFO     [watchfiles.main] 5 changes detected
2026-06-26 16:42:05 INFO     [onshape_export_manager.web] Web application initialized version=0.1.0
2026-06-26 16:42:05 INFO     [watchfiles.main] 6 changes detected
2026-06-26 16:42:09 INFO     [watchfiles.main] 5 changes detected
2026-06-26 16:42:13 INFO     [watchfiles.main] 5 changes detected
2026-06-26 16:42:17 INFO     [watchfiles.main] 5 changes detected
2026-06-26 16:42:17 INFO     [watchfiles.main] 5 changes detected
2026-06-26 16:42:20 INFO     [watchfiles.main] 5 changes detected
2026-06-26 16:42:20 INFO     [watchfiles.main] 2 changes detected
2026-06-26 16:42:21 INFO     [watchfiles.main] 5 changes detected
2026-06-26 16:42:24 INFO     [watchfiles.main] 5 changes detected
2026-06-26 16:42:25 INFO     [watchfiles.main] 5 changes detected
2026-06-26 16:42:28 INFO     [watchfiles.main] 5 changes detected
2026-06-26 16:42:29 INFO     [watchfiles.main] 5 changes detected
2026-06-26 16:42:32 INFO     [watchfiles.main] 5 changes detected
2026-06-26 16:42:33 INFO     [watchfiles.main] 5 changes detected
2026-06-26 16:42:36 INFO     [watchfiles.main] 5 changes detected
2026-06-26 16:42:37 INFO     [watchfiles.main] 5 changes detected
2026-06-26 16:42:40 INFO     [watchfiles.main] 5 changes detected
2026-06-26 16:42:41 INFO     [watchfiles.main] 5 changes detected
2026-06-26 16:42:44 INFO     [watchfiles.main] 5 changes detected
2026-06-26 16:42:45 INFO     [watchfiles.main] 5 changes detected
2026-06-26 16:42:48 INFO     [watchfiles.main] 5 changes detected
2026-06-26 16:42:49 INFO     [watchfiles.main] 5 changes detected
2026-06-26 16:42:52 INFO     [watchfiles.main] 5 changes detected
2026-06-26 16:42:53 INFO     [watchfiles.main] 5 changes detected
2026-06-26 16:42:56 INFO     [watchfiles.main] 5 changes detected
2026-06-26 16:42:57 INFO     [watchfiles.main] 5 changes detected
2026-06-26 16:43:00 INFO     [watchfiles.main] 5 changes detected
2026-06-26 16:43:01 INFO     [watchfiles.main] 5 changes detected
2026-06-26 16:43:04 INFO     [watchfiles.main] 5 changes detected
2026-06-26 16:43:05 INFO     [watchfiles.main] 5 changes detected
2026-06-26 16:43:08 INFO     [watchfiles.main] 5 changes detected
2026-06-26 16:43:09 INFO     [watchfiles.main] 5 changes detected
2026-06-26 16:43:12 INFO     [watchfiles.main] 5 changes detected
2026-06-26 16:43:13 INFO     [watchfiles.main] 5 changes detected
2026-06-26 16:43:16 INFO     [watchfiles.main] 5 changes detected
2026-06-26 16:43:17 INFO     [watchfiles.main] 5 changes detected
2026-06-26 16:43:17 INFO     [watchfiles.main] 5 changes detected
2026-06-26 16:43:18 INFO     [watchfiles.main] 5 changes detected
2026-06-26 16:43:46 INFO     [onshape_export_manager.web] Web application initialized version=0.1.0
2026-06-26 16:49:32 INFO     [onshape_export_manager.web] Web application initialized version=0.1.0
2026-06-26 16:50:12 INFO     [onshape_export_manager.web] Web application initialized version=0.1.0
2026-06-26 16:53:28 INFO     [onshape_export_manager.web] Web application initialized version=0.1.0
2026-06-26 16:54:20 INFO     [onshape_export_manager.web] Web application initialized version=0.1.0
2026-06-26 16:57:31 INFO     [onshape_export_manager.web] Web application initialized version=0.1.0
2026-06-26 16:57:47 INFO     [onshape_export_manager.web] Web application initialized version=0.1.0
2026-06-26 16:57:47 INFO     [onshape_export_manager.web] Web application initialized version=0.1.0
2026-06-26 16:57:47 INFO     [httpx] HTTP Request: GET http://testserver/ "HTTP/1.1 200 OK"
2026-06-26 16:57:47 INFO     [httpx] HTTP Request: GET http://testserver/static/styles.css?v=1782481642 "HTTP/1.1 200 OK"
2026-06-26 16:58:18 INFO     [onshape_export_manager.web] Web application initialized version=0.1.0
2026-06-26 16:58:55 INFO     [onshape_export_manager.web] Web application initialized version=0.1.0
2026-06-26 16:59:43 INFO     [onshape_export_manager.web] Web application initialized version=0.1.0
2026-06-26 17:01:08 INFO     [onshape_export_manager.web] Web application initialized version=0.1.0
2026-06-26 17:01:54 INFO     [onshape_export_manager.web] Web application initialized version=0.1.0
2026-06-26 17:17:35 INFO     [onshape_export_manager.web] Web application initialized version=0.1.0
2026-06-26 17:26:05 INFO     [onshape_export_manager.web] Web application initialized version=0.1.0
2026-06-26 17:28:27 INFO     [onshape_export_manager.export] Starting manual export label=Adriana API profile=STEP account=Adrians
2026-06-26 17:29:34 INFO     [onshape_export_manager.export] label=Adriana API account=Adrians profile=STEP files_exported=9 failed_files=0 skipped_files=0 retries=0 duration_seconds=67.203
2026-06-26 17:33:52 INFO     [onshape_export_manager.export] Starting manual export label=Adriana API profile=STL account=Adrians
2026-06-26 17:34:14 INFO     [onshape_export_manager.export] label=Adriana API account=Adrians profile=STL files_exported=9 failed_files=0 skipped_files=0 retries=0 duration_seconds=22.375
2026-06-26 17:50:57 INFO     [onshape_export_manager.export] Starting manual export label=Adriana API profile=Bambu STL account=Adrians
2026-06-26 17:51:19 INFO     [onshape_export_manager.export] label=Adriana API account=Adrians profile=Bambu STL files_exported=9 failed_files=0 skipped_files=0 retries=0 duration_seconds=22.265
2026-06-26 21:44:30 INFO     [onshape_export_manager.web] Web application initialized version=0.1.0
2026-06-26 21:45:40 INFO     [onshape_export_manager.web] Web application initialized version=0.1.0
2026-06-26 21:46:06 INFO     [onshape_export_manager.web] Web application initialized version=0.1.0
2026-06-26 21:46:06 INFO     [onshape_export_manager.web] Web application initialized version=0.1.0
2026-06-26 21:46:06 INFO     [httpx] HTTP Request: GET http://testserver/api/system "HTTP/1.1 200 OK"
2026-06-26 21:46:06 INFO     [httpx] HTTP Request: GET http://testserver/api/remote-access "HTTP/1.1 200 OK"
2026-06-26 21:46:06 INFO     [httpx] HTTP Request: GET http://testserver/api/backups "HTTP/1.1 200 OK"
2026-06-26 21:46:06 INFO     [httpx] HTTP Request: GET http://testserver/system "HTTP/1.1 200 OK"
2026-06-26 21:46:06 INFO     [onshape_export_manager] Created backup oem-backup-20260626-184606.zip (6 entries, 7.0 KB)
2026-06-26 21:46:06 INFO     [onshape_export_manager.web] Backup created via API: oem-backup-20260626-184606.zip
2026-06-26 21:46:06 INFO     [httpx] HTTP Request: POST http://testserver/api/backups "HTTP/1.1 200 OK"
2026-06-26 21:46:34 INFO     [onshape_export_manager.web] Web application initialized version=0.1.0
2026-06-26 21:47:44 INFO     [onshape_export_manager.web] Web application initialized version=0.1.0
2026-06-26 21:48:17 INFO     [onshape_export_manager] Created backup oem-backup-20260626-184817.zip (6 entries, 7.0 KB)
2026-06-26 21:48:17 INFO     [onshape_export_manager.web] Backup created via API: oem-backup-20260626-184817.zip
2026-06-26 21:49:40 INFO     [onshape_export_manager.web] Web application initialized version=0.1.0
2026-06-26 21:51:47 INFO     [onshape_export_manager.web] Web application initialized version=0.1.0
2026-06-26 22:00:47 INFO     [onshape_export_manager.web] Web application initialized version=0.1.0
2026-06-26 22:01:36 INFO     [onshape_export_manager.web] Web application initialized version=0.1.0
2026-06-26 22:02:00 INFO     [onshape_export_manager.web] Web application initialized version=0.1.0
2026-06-26 22:23:41 INFO     [onshape_export_manager.web] Web application initialized version=0.1.0
2026-06-26 22:24:18 INFO     [onshape_export_manager.web] Web application initialized version=0.1.0
2026-06-26 22:24:38 INFO     [onshape_export_manager.web] Web application initialized version=0.1.0
2026-06-26 22:24:50 INFO     [onshape_export_manager.web] Organization created: Engineering School
2026-06-26 22:24:50 INFO     [onshape_export_manager.web] Credential added to 71a4b568c8044a37bdb78f15ff2b27c3: Primary
2026-06-26 22:24:51 INFO     [onshape_export_manager.web] Credential added to 71a4b568c8044a37bdb78f15ff2b27c3: Backup
2026-06-26 22:25:34 INFO     [onshape_export_manager.web] Web application initialized version=0.1.0
2026-06-26 22:31:18 INFO     [onshape_export_manager.web] Web application initialized version=0.1.0
2026-06-26 22:31:54 INFO     [onshape_export_manager.web] Web application initialized version=0.1.0
2026-06-26 22:32:18 INFO     [onshape_export_manager.web] Web application initialized version=0.1.0
2026-06-26 22:33:15 INFO     [onshape_export_manager.web] Web application initialized version=0.1.0
2026-06-26 22:33:31 INFO     [onshape_export_manager.web] Web application initialized version=0.1.0
2026-06-26 22:35:03 INFO     [onshape_export_manager.web] Web application initialized version=0.1.0
2026-06-29 00:55:32 INFO     [onshape_export_manager.web] Web application initialized version=0.1.0
2026-06-29 00:55:32 INFO     [onshape_export_manager.audit] Audit service subscribed to event bus
2026-06-29 00:55:32 INFO     [onshape_export_manager.web] Web application initialized version=0.1.0
2026-06-29 00:55:32 INFO     [onshape_export_manager.notifications] Notification service started
2026-06-29 00:55:32 INFO     [onshape_export_manager.scheduler] Scheduler started
2026-06-29 00:55:32 INFO     [onshape_export_manager.worker] Background worker started (poll=5.0s, max_jobs_per_tick=25)
2026-06-29 00:56:29 INFO     [onshape_export_manager.scheduler] Scheduler stopped
2026-06-29 00:56:29 INFO     [onshape_export_manager.worker] Background worker stopped
2026-06-29 00:56:44 INFO     [onshape_export_manager.web] Web application initialized version=0.1.0
2026-06-29 00:56:44 INFO     [onshape_export_manager.notifications] Notification service started
2026-06-29 00:56:44 INFO     [onshape_export_manager.scheduler] Scheduler started
2026-06-29 00:56:44 INFO     [onshape_export_manager.worker] Background worker started (poll=5.0s, max_jobs_per_tick=25)
2026-06-29 00:57:10 INFO     [onshape_export_manager] Owner account created username=sssssss
2026-06-29 00:57:10 INFO     [onshape_export_manager.web] Setup: owner account created
2026-06-29 00:57:14 INFO     [onshape_export_manager.web] Organization created: s
2026-06-29 00:57:17 INFO     [onshape_export_manager.web] Credential added to 357e1343490b41d6899ae587d0aa33cb: Primary
2026-06-29 00:57:24 INFO     [onshape_export_manager.web] Setup completed
2026-06-29 12:17:15 INFO     [onshape_export_manager.web] Web application initialized version=0.1.0
2026-06-29 12:17:15 INFO     [onshape_export_manager.audit] Audit service subscribed to event bus
2026-06-29 12:17:55 INFO     [onshape_export_manager.web] Web application initialized version=0.1.0
2026-06-29 12:17:55 INFO     [onshape_export_manager.audit] Audit service subscribed to event bus
2026-06-29 12:20:51 INFO     [onshape_export_manager.audit] Audit service subscribed to event bus
2026-06-29 12:20:51 INFO     [onshape_export_manager.web] Web application initialized version=0.1.0
2026-06-29 12:22:07 INFO     [onshape_export_manager.audit] Audit service subscribed to event bus
2026-06-29 12:22:07 INFO     [onshape_export_manager.web] Web application initialized version=0.1.0
2026-06-29 12:25:44 INFO     [onshape_export_manager.audit] Audit service subscribed to event bus
2026-06-29 12:25:44 INFO     [onshape_export_manager.web] Web application initialized version=0.1.0
2026-07-08 19:47:49 INFO     [onshape_export_manager.audit] Audit service subscribed to event bus
2026-07-08 19:47:49 INFO     [onshape_export_manager.web] Web application initialized version=0.1.0
2026-07-08 19:49:48 INFO     [onshape_export_manager.audit] Audit service subscribed to event bus
2026-07-08 19:49:48 INFO     [onshape_export_manager.web] Web application initialized version=0.1.0
2026-07-08 19:51:30 INFO     [onshape_export_manager.audit] Audit service subscribed to event bus
2026-07-08 19:51:30 INFO     [onshape_export_manager.web] Web application initialized version=0.1.0
2026-07-08 19:51:30 ERROR    [onshape_export_manager.events] Event subscriber raised for system.startup
Traceback (most recent call last):
  File "/Users/hrebis/Desktop/OnshapeExportTool/onshape_export_manager/core/events.py", line 344, in _dispatch
    result = callback(event)
  File "/Users/hrebis/Desktop/AI/Projects/OnshapeExportTool-ClaudeV3/tests/test_events.py", line 64, in boom
    raise RuntimeError("subscriber failure")
RuntimeError: subscriber failure
2026-07-08 19:51:30 INFO     [onshape_export_manager.scheduler] Scheduler started
2026-07-08 19:51:30 INFO     [onshape_export_manager.scheduler] Scheduler stopped
2026-07-08 19:51:30 INFO     [onshape_export_manager.scheduler] Synced scheduler job id=schedule-customer-a label=Customer A interval=hourly profile=STL
2026-07-08 19:51:30 INFO     [onshape_export_manager.scheduler] Synced scheduler job id=schedule-customer-a label=Customer A interval=hourly profile=STL
2026-07-08 19:51:30 INFO     [onshape_export_manager.queue] Queued export job id=33acd33b-7dd0-4e1b-9089-3e0051c95d7b label=Customer A profile=STL reason=scheduled
2026-07-08 19:51:30 INFO     [onshape_export_manager.scheduler] Queued scheduled export scheduler_job_id=schedule-customer-a queue_job_id=33acd33b-7dd0-4e1b-9089-3e0051c95d7b label=Customer A
2026-07-08 19:52:55 INFO     [onshape_export_manager.audit] Audit service subscribed to event bus
2026-07-08 19:52:55 INFO     [onshape_export_manager.web] Web application initialized version=0.1.0
2026-07-08 19:54:19 INFO     [onshape_export_manager.audit] Audit service subscribed to event bus
2026-07-08 19:54:19 INFO     [onshape_export_manager.web] Web application initialized version=0.1.0
2026-07-08 19:54:28 INFO     [onshape_export_manager.audit] Audit service subscribed to event bus
2026-07-08 19:54:28 INFO     [onshape_export_manager.web] Web application initialized version=0.1.0
2026-07-08 19:57:42 INFO     [onshape_export_manager.audit] Audit service subscribed to event bus
2026-07-08 19:57:42 INFO     [onshape_export_manager.web] Web application initialized version=0.1.0
2026-07-08 19:57:50 INFO     [onshape_export_manager.audit] Audit service subscribed to event bus
2026-07-08 19:57:50 INFO     [onshape_export_manager.web] Web application initialized version=0.1.0
2026-07-08 19:59:40 INFO     [onshape_export_manager.audit] Audit service subscribed to event bus
2026-07-08 19:59:40 INFO     [onshape_export_manager.web] Web application initialized version=0.1.0
2026-07-08 20:00:22 INFO     [onshape_export_manager.audit] Audit service subscribed to event bus
2026-07-08 20:00:22 INFO     [onshape_export_manager.web] Web application initialized version=0.1.0
2026-07-08 20:01:29 INFO     [onshape_export_manager.audit] Audit service subscribed to event bus
2026-07-08 20:01:29 INFO     [onshape_export_manager.web] Web application initialized version=0.1.0
2026-07-08 20:06:29 INFO     [onshape_export_manager.audit] Audit service subscribed to event bus
2026-07-08 20:06:29 INFO     [onshape_export_manager.web] Web application initialized version=0.1.0
2026-07-08 20:06:38 INFO     [onshape_export_manager.audit] Audit service subscribed to event bus
2026-07-08 20:06:38 INFO     [onshape_export_manager.web] Web application initialized version=0.1.0
2026-07-08 20:08:21 INFO     [onshape_export_manager.audit] Audit service subscribed to event bus
2026-07-08 20:08:21 INFO     [onshape_export_manager.web] Web application initialized version=0.1.0
2026-07-08 20:10:19 INFO     [onshape_export_manager.audit] Audit service subscribed to event bus
2026-07-08 20:10:19 INFO     [onshape_export_manager.web] Web application initialized version=0.1.0
2026-07-08 20:11:08 INFO     [onshape_export_manager.audit] Audit service subscribed to event bus
2026-07-08 20:11:08 INFO     [onshape_export_manager.web] Web application initialized version=0.1.0
2026-07-08 20:25:13 INFO     [onshape_export_manager.audit] Audit service subscribed to event bus
2026-07-08 20:25:13 INFO     [onshape_export_manager.web] Web application initialized version=0.1.0
2026-07-08 20:26:01 INFO     [onshape_export_manager.audit] Audit service subscribed to event bus
2026-07-08 20:26:01 INFO     [onshape_export_manager.web] Web application initialized version=0.1.0
2026-07-08 20:26:12 INFO     [onshape_export_manager.audit] Audit service subscribed to event bus
2026-07-08 20:26:12 INFO     [onshape_export_manager.web] Web application initialized version=0.1.0
2026-07-08 20:26:32 INFO     [onshape_export_manager.audit] Audit service subscribed to event bus
2026-07-08 20:26:32 INFO     [onshape_export_manager.web] Web application initialized version=0.1.0
2026-07-08 20:26:54 INFO     [onshape_export_manager.audit] Audit service subscribed to event bus
2026-07-08 20:26:54 INFO     [onshape_export_manager.web] Web application initialized version=0.1.0
2026-07-08 20:30:38 INFO     [onshape_export_manager.audit] Audit service subscribed to event bus
2026-07-08 20:30:38 INFO     [onshape_export_manager.web] Web application initialized version=0.1.0
2026-07-08 20:33:02 INFO     [onshape_export_manager.audit] Audit service subscribed to event bus
2026-07-08 20:33:02 INFO     [onshape_export_manager.web] Web application initialized version=0.1.0
2026-07-08 20:36:52 INFO     [onshape_export_manager.audit] Audit service subscribed to event bus
2026-07-08 20:36:52 INFO     [onshape_export_manager.web] Web application initialized version=0.1.0
2026-07-08 20:37:39 INFO     [onshape_export_manager.audit] Audit service subscribed to event bus
2026-07-08 20:37:39 INFO     [onshape_export_manager.web] Web application initialized version=0.1.0
2026-07-08 20:37:53 INFO     [onshape_export_manager.audit] Audit service subscribed to event bus
2026-07-08 20:37:54 INFO     [onshape_export_manager.web] Web application initialized version=0.1.0
2026-07-08 20:38:19 INFO     [onshape_export_manager.audit] Audit service subscribed to event bus
2026-07-08 20:38:19 INFO     [onshape_export_manager.web] Web application initialized version=0.1.0
2026-07-08 20:39:15 INFO     [onshape_export_manager.audit] Audit service subscribed to event bus
2026-07-08 20:39:15 INFO     [onshape_export_manager.web] Web application initialized version=0.1.0
2026-07-08 20:41:03 INFO     [onshape_export_manager.audit] Audit service subscribed to event bus
2026-07-08 20:41:03 INFO     [onshape_export_manager.web] Web application initialized version=0.1.0
2026-07-08 20:41:19 INFO     [onshape_export_manager.audit] Audit service subscribed to event bus
2026-07-08 20:41:19 INFO     [onshape_export_manager.web] Web application initialized version=0.1.0
2026-07-08 20:43:02 INFO     [onshape_export_manager.audit] Audit service subscribed to event bus
2026-07-08 20:43:02 INFO     [onshape_export_manager.web] Web application initialized version=0.1.0
2026-07-08 20:46:53 INFO     [onshape_export_manager.audit] Audit service subscribed to event bus
2026-07-08 20:46:53 INFO     [onshape_export_manager.web] Web application initialized version=0.1.0
2026-07-08 20:48:27 INFO     [onshape_export_manager.audit] Audit service subscribed to event bus
2026-07-08 20:48:27 INFO     [onshape_export_manager.web] Web application initialized version=0.1.0
2026-07-08 20:51:27 INFO     [onshape_export_manager.audit] Audit service subscribed to event bus
2026-07-08 20:51:27 INFO     [onshape_export_manager] Created backup oem-backup-20260708-175127.zip (7 entries, 9.6 KB)
2026-07-08 20:51:36 INFO     [onshape_export_manager.audit] Audit service subscribed to event bus
2026-07-08 20:51:36 INFO     [onshape_export_manager] Created backup oem-backup-20260708-175136.zip (7 entries, 9.6 KB)
2026-07-08 20:51:45 INFO     [onshape_export_manager.audit] Audit service subscribed to event bus
2026-07-08 20:51:45 INFO     [onshape_export_manager.web] Web application initialized version=0.1.0
2026-07-08 20:52:20 INFO     [onshape_export_manager.audit] Audit service subscribed to event bus
2026-07-08 20:52:20 INFO     [onshape_export_manager.web] Web application initialized version=0.1.0
2026-07-08 21:21:06 INFO     [onshape_export_manager.audit] Audit service subscribed to event bus
2026-07-08 21:21:13 INFO     [onshape_export_manager.audit] Audit service subscribed to event bus
2026-07-08 21:21:13 INFO     [onshape_export_manager.audit] Audit service subscribed to event bus
2026-07-08 21:21:13 INFO     [onshape_export_manager.audit] Audit service subscribed to event bus
2026-07-08 21:21:13 INFO     [onshape_export_manager.audit] Audit service subscribed to event bus
2026-07-08 21:21:13 INFO     [onshape_export_manager.audit] Audit service subscribed to event bus
2026-07-08 21:21:14 INFO     [onshape_export_manager.audit] Audit service subscribed to event bus
2026-07-08 21:21:14 INFO     [onshape_export_manager.audit] Audit service subscribed to event bus
2026-07-08 21:21:25 INFO     [onshape_export_manager.audit] Audit service subscribed to event bus
2026-07-08 21:21:25 INFO     [onshape_export_manager.audit] Audit service subscribed to event bus
2026-07-08 21:21:25 INFO     [onshape_export_manager.audit] Audit service subscribed to event bus
2026-07-08 21:21:25 INFO     [onshape_export_manager] Created backup oem-backup-20260708-182125.zip (7 entries, 9.6 KB)
2026-07-08 21:21:56 INFO     [onshape_export_manager.audit] Audit service subscribed to event bus
2026-07-08 21:21:56 INFO     [onshape_export_manager.web] Web application initialized version=0.1.0
2026-07-08 21:21:56 INFO     [onshape_export_manager.audit] Audit service subscribed to event bus
2026-07-08 21:21:56 INFO     [onshape_export_manager.web] Web application initialized version=0.1.0
2026-07-08 21:22:29 INFO     [onshape_export_manager.audit] Audit service subscribed to event bus
2026-07-08 21:22:30 INFO     [onshape_export_manager.audit] Audit service subscribed to event bus
2026-07-08 21:22:42 INFO     [onshape_export_manager.audit] Audit service subscribed to event bus
2026-07-08 21:22:42 INFO     [onshape_export_manager.web] Web application initialized version=0.1.0
2026-07-08 21:22:52 INFO     [onshape_export_manager.audit] Audit service subscribed to event bus
2026-07-08 21:22:52 INFO     [onshape_export_manager.web] Web application initialized version=0.1.0
2026-07-08 21:22:54 INFO     [onshape_export_manager.audit] Audit service subscribed to event bus
2026-07-08 21:22:55 INFO     [onshape_export_manager.audit] Audit service subscribed to event bus
2026-07-08 21:22:55 INFO     [onshape_export_manager.audit] Audit service subscribed to event bus
2026-07-08 21:22:57 INFO     [onshape_export_manager.audit] Audit service subscribed to event bus
2026-07-08 21:22:57 INFO     [onshape_export_manager.web] Web application initialized version=0.1.0
2026-07-08 21:23:11 INFO     [onshape_export_manager.audit] Audit service subscribed to event bus
2026-07-08 21:23:11 INFO     [onshape_export_manager.web] Web application initialized version=0.1.0
2026-07-08 21:23:32 INFO     [onshape_export_manager.audit] Audit service subscribed to event bus
2026-07-08 21:23:32 INFO     [onshape_export_manager.web] Web application initialized version=0.1.0
2026-07-08 21:23:40 INFO     [onshape_export_manager.audit] Audit service subscribed to event bus
2026-07-08 21:23:40 INFO     [onshape_export_manager.web] Web application initialized version=0.1.0
2026-07-08 21:23:41 INFO     [onshape_export_manager.audit] Audit service subscribed to event bus
2026-07-08 21:23:41 INFO     [onshape_export_manager.web] Web application initialized version=0.1.0
2026-07-08 21:23:47 INFO     [onshape_export_manager.audit] Audit service subscribed to event bus
2026-07-08 21:23:47 INFO     [onshape_export_manager.web] Web application initialized version=0.1.0
2026-07-08 21:25:09 INFO     [onshape_export_manager.audit] Audit service subscribed to event bus
2026-07-08 21:25:09 INFO     [onshape_export_manager.web] Web application initialized version=0.1.0
2026-07-08 21:26:07 INFO     [onshape_export_manager.audit] Audit service subscribed to event bus
2026-07-08 21:26:07 INFO     [onshape_export_manager.web] Web application initialized version=0.1.0
2026-07-08 21:26:28 INFO     [onshape_export_manager.audit] Audit service subscribed to event bus
2026-07-08 21:27:05 INFO     [onshape_export_manager.audit] Audit service subscribed to event bus
2026-07-08 21:27:05 INFO     [onshape_export_manager.web] Web application initialized version=0.1.0
2026-07-08 21:27:10 INFO     [onshape_export_manager.audit] Audit service subscribed to event bus
2026-07-08 21:27:10 INFO     [onshape_export_manager.web] Web application initialized version=0.1.0
2026-07-08 21:27:44 INFO     [onshape_export_manager.audit] Audit service subscribed to event bus
2026-07-08 21:27:44 INFO     [onshape_export_manager.web] Web application initialized version=0.1.0
2026-07-08 21:28:29 INFO     [onshape_export_manager.audit] Audit service subscribed to event bus
2026-07-08 21:28:31 INFO     [onshape_export_manager.audit] Audit service subscribed to event bus
2026-07-08 21:28:31 INFO     [onshape_export_manager.web] Web application initialized version=0.1.0
2026-07-08 21:28:39 INFO     [onshape_export_manager.audit] Audit service subscribed to event bus
2026-07-08 21:28:55 INFO     [onshape_export_manager.audit] Audit service subscribed to event bus
2026-07-08 21:28:55 INFO     [onshape_export_manager.web] Web application initialized version=0.1.0
2026-07-08 21:28:55 INFO     [onshape_export_manager.audit] Audit service subscribed to event bus
2026-07-08 21:28:55 INFO     [onshape_export_manager.web] Web application initialized version=0.1.0
2026-07-08 21:28:55 INFO     [httpx] HTTP Request: GET http://testserver/settings "HTTP/1.1 302 Found"
2026-07-08 21:28:55 INFO     [httpx] HTTP Request: GET http://testserver/api-keys "HTTP/1.1 401 Unauthorized"
2026-07-08 21:28:55 INFO     [httpx] HTTP Request: GET http://testserver/export "HTTP/1.1 302 Found"
2026-07-08 21:28:55 INFO     [httpx] HTTP Request: GET http://testserver/ "HTTP/1.1 302 Found"
2026-07-08 21:31:15 INFO     [onshape_export_manager.audit] Audit service subscribed to event bus
2026-07-08 21:31:15 INFO     [onshape_export_manager.web] Web application initialized version=0.1.0
2026-07-08 21:31:15 INFO     [onshape_export_manager.audit] Audit service subscribed to event bus
2026-07-08 21:31:15 INFO     [onshape_export_manager.web] Web application initialized version=0.1.0
2026-07-08 21:36:35 INFO     [onshape_export_manager.audit] Audit service subscribed to event bus
2026-07-08 21:36:35 INFO     [onshape_export_manager.web] Web application initialized version=0.1.0
2026-07-08 21:38:02 INFO     [onshape_export_manager.audit] Audit service subscribed to event bus
2026-07-08 21:38:02 INFO     [onshape_export_manager.web] Web application initialized version=0.1.0
2026-07-08 21:38:56 INFO     [onshape_export_manager.audit] Audit service subscribed to event bus
2026-07-08 21:38:56 INFO     [onshape_export_manager.web] Web application initialized version=0.1.0
2026-07-08 21:41:45 INFO     [onshape_export_manager.audit] Audit service subscribed to event bus
2026-07-08 21:41:45 INFO     [onshape_export_manager.web] Web application initialized version=0.1.0
2026-07-08 21:42:54 INFO     [onshape_export_manager.audit] Audit service subscribed to event bus
2026-07-08 21:42:54 INFO     [onshape_export_manager.web] Web application initialized version=0.1.0
2026-07-08 21:43:09 INFO     [onshape_export_manager.audit] Audit service subscribed to event bus
2026-07-08 21:43:09 INFO     [onshape_export_manager.queue] Queued export job id=f7fd731a-6a94-445f-aa39-36e11e8d9a31 label=A profile=STL reason=
2026-07-08 21:43:09 INFO     [onshape_export_manager.queue] Queued export job id=666095cb-8a86-433e-b92d-3ad60b1a3818 label=B profile=STL reason=
2026-07-08 21:43:09 INFO     [httpx] HTTP Request: POST http://testserver/api/queue/batch "HTTP/1.1 200 OK"
2026-07-08 21:44:28 INFO     [onshape_export_manager.audit] Audit service subscribed to event bus
2026-07-08 21:44:28 INFO     [onshape_export_manager.web] Web application initialized version=0.1.0
2026-07-08 21:44:28 INFO     [onshape_export_manager.audit] Audit service subscribed to event bus
2026-07-08 21:44:28 INFO     [onshape_export_manager.queue] Queued export job id=dab5e0d6-0d33-4dd2-95e3-ee79ee992fba label=A profile=STL reason=
2026-07-08 21:44:28 INFO     [onshape_export_manager.queue] Queued export job id=05c46483-eb6c-4cdf-89f1-9b16455af859 label=B profile=STL reason=
2026-07-08 21:44:28 INFO     [httpx] HTTP Request: POST http://testserver/api/queue/batch "HTTP/1.1 200 OK"
2026-07-08 21:47:38 INFO     [onshape_export_manager.audit] Audit service subscribed to event bus
2026-07-08 21:47:38 INFO     [onshape_export_manager.web] Web application initialized version=0.1.0
2026-07-08 21:47:50 INFO     [onshape_export_manager.audit] Audit service subscribed to event bus
2026-07-08 21:47:50 INFO     [onshape_export_manager.queue] Queued export job id=00243848-9688-48f1-8b18-5b3f5335b2cd label=A profile=STL reason=
2026-07-08 21:47:50 INFO     [onshape_export_manager.queue] Queued export job id=85da08ab-8f96-4204-89e0-0a7d3850f238 label=B profile=STL reason=
2026-07-08 21:47:50 INFO     [httpx] HTTP Request: POST http://testserver/api/queue/batch "HTTP/1.1 200 OK"
2026-07-08 21:48:27 INFO     [onshape_export_manager.audit] Audit service subscribed to event bus
2026-07-08 21:48:27 INFO     [onshape_export_manager.web] Web application initialized version=0.1.0
2026-07-08 21:48:39 INFO     [onshape_export_manager.audit] Audit service subscribed to event bus
2026-07-08 21:48:39 INFO     [onshape_export_manager.web] Web application initialized version=0.1.0
2026-07-08 21:48:41 INFO     [onshape_export_manager.audit] Audit service subscribed to event bus
2026-07-08 21:48:41 INFO     [onshape_export_manager.queue] Queued export job id=1ef18042-b65e-4b68-95f8-b34bd802e162 label=A profile=STL reason=
2026-07-08 21:48:41 INFO     [onshape_export_manager.queue] Queued export job id=9faac89a-3569-4024-940a-2b6962503f33 label=B profile=STL reason=
2026-07-08 21:48:41 INFO     [httpx] HTTP Request: POST http://testserver/api/queue/batch "HTTP/1.1 200 OK"
2026-07-08 21:48:59 INFO     [onshape_export_manager.audit] Audit service subscribed to event bus
2026-07-08 21:48:59 INFO     [onshape_export_manager.web] Web application initialized version=0.1.0
2026-07-08 21:49:11 INFO     [onshape_export_manager.audit] Audit service subscribed to event bus
2026-07-08 21:49:11 INFO     [onshape_export_manager.queue] Queued export job id=bd475a3f-1b46-4a8c-bc14-95b159f98b9d label=A profile=STL reason=
2026-07-08 21:49:11 INFO     [onshape_export_manager.queue] Queued export job id=bcb378fd-cd93-4d4d-92e7-9a4b6c1fef20 label=B profile=STL reason=
2026-07-08 21:49:11 INFO     [httpx] HTTP Request: POST http://testserver/api/queue/batch "HTTP/1.1 200 OK"
2026-07-08 21:49:18 INFO     [onshape_export_manager.audit] Audit service subscribed to event bus
2026-07-08 21:49:18 INFO     [onshape_export_manager.web] Web application initialized version=0.1.0
2026-07-08 21:49:18 INFO     [onshape_export_manager.queue] Queued export job id=df651efe-01cc-4c93-97bd-e159cd56764a label=A profile=STL reason=
2026-07-08 21:49:18 INFO     [onshape_export_manager.queue] Queued export job id=016d5456-e1e8-4f55-9b1c-07d30bc06e6d label=B profile=STL reason=
2026-07-08 21:49:18 INFO     [onshape_export_manager.queue] Claimed queue job id=df651efe-01cc-4c93-97bd-e159cd56764a
2026-07-08 21:49:18 INFO     [onshape_export_manager.queue] Completed queue job id=df651efe-01cc-4c93-97bd-e159cd56764a
2026-07-08 21:49:18 INFO     [onshape_export_manager.queue] Cancelled queue job id=016d5456-e1e8-4f55-9b1c-07d30bc06e6d reason=cancelled
2026-07-08 21:49:18 INFO     [onshape_export_manager.queue] Queued export job id=5d04c445-a2d7-45aa-bdea-1cbdb4f6b4d6 label=Customer A profile=STL reason=rate limited
2026-07-08 21:49:18 INFO     [onshape_export_manager.queue] Claimed queue job id=5d04c445-a2d7-45aa-bdea-1cbdb4f6b4d6
2026-07-08 21:49:18 INFO     [onshape_export_manager.queue] Queued export job id=7af0cb93-1ee7-4f7f-8c0c-1dd4396e8d18 label=Customer A profile=STL reason=
2026-07-08 21:49:18 INFO     [onshape_export_manager.queue] Claimed queue job id=7af0cb93-1ee7-4f7f-8c0c-1dd4396e8d18
2026-07-08 21:49:18 WARNING  [onshape_export_manager.queue] Queue job scheduled for retry id=7af0cb93-1ee7-4f7f-8c0c-1dd4396e8d18 retry_count=1 next_run_at=2026-06-25T12:00:02+00:00 error=timeout
2026-07-08 21:49:18 WARNING  [onshape_export_manager.queue] Queue job scheduled for retry id=7af0cb93-1ee7-4f7f-8c0c-1dd4396e8d18 retry_count=2 next_run_at=2026-06-25T12:00:04+00:00 error=timeout again
2026-07-08 21:49:18 ERROR    [onshape_export_manager.queue] Queue job permanently failed id=7af0cb93-1ee7-4f7f-8c0c-1dd4396e8d18 error=final
2026-07-08 21:49:18 INFO     [onshape_export_manager.queue] Queued export job id=9ef30eb4-69ad-4612-aa11-15a2d1d11ddf label=Customer A profile=STL reason=
2026-07-08 21:49:55 INFO     [onshape_export_manager.audit] Audit service subscribed to event bus
2026-07-08 21:49:55 INFO     [onshape_export_manager.web] Web application initialized version=0.1.0
2026-07-08 21:49:55 INFO     [onshape_export_manager.audit] Audit service subscribed to event bus
2026-07-08 21:49:55 INFO     [onshape_export_manager.web] Web application initialized version=0.1.0
2026-07-08 21:49:55 INFO     [onshape_export_manager.notifications] Notification service started
2026-07-08 21:49:55 INFO     [onshape_export_manager.scheduler] Scheduler started
2026-07-08 21:49:55 WARNING  [onshape_export_manager.web] Worker failed to start: EventBus.subscribe() got an unexpected keyword argument 'event_type'
2026-07-08 21:50:43 INFO     [onshape_export_manager.audit] Audit service subscribed to event bus
2026-07-08 21:50:43 INFO     [onshape_export_manager.web] Web application initialized version=0.1.0
2026-07-08 21:50:54 INFO     [onshape_export_manager.audit] Audit service subscribed to event bus
2026-07-08 21:50:54 INFO     [onshape_export_manager.queue] Queued export job id=bb00a6c2-6ab6-4b6d-a65e-2784552b8e49 label=A profile=STL reason=
2026-07-08 21:50:54 INFO     [onshape_export_manager.queue] Queued export job id=86770aa7-6240-48f7-b904-9e0a8fc3d316 label=B profile=STL reason=
2026-07-08 21:50:54 INFO     [httpx] HTTP Request: POST http://testserver/api/queue/batch "HTTP/1.1 200 OK"
2026-07-08 21:51:02 INFO     [onshape_export_manager.audit] Audit service subscribed to event bus
2026-07-08 21:51:02 INFO     [onshape_export_manager.web] Web application initialized version=0.1.0
2026-07-08 21:51:02 INFO     [onshape_export_manager.audit] Audit service subscribed to event bus
2026-07-08 21:51:02 INFO     [onshape_export_manager.web] Web application initialized version=0.1.0
2026-07-08 21:51:03 INFO     [onshape_export_manager.notifications] Notification service started
2026-07-08 21:51:03 INFO     [onshape_export_manager.scheduler] Scheduler started
2026-07-08 21:51:03 INFO     [onshape_export_manager.worker] Scheduler subscribed to LABELS_CHANGED events
2026-07-08 21:51:03 INFO     [onshape_export_manager.worker] Started 4 background worker thread(s) (poll=5.0s, max_jobs_per_tick=25)
2026-07-08 21:51:03 INFO     [onshape_export_manager.queue] Claimed queue job id=f7fd731a-6a94-445f-aa39-36e11e8d9a31
2026-07-08 21:51:03 INFO     [onshape_export_manager.worker] Running queued export id=f7fd731a-6a94-445f-aa39-36e11e8d9a31 label=A profile=STL
2026-07-08 21:51:03 INFO     [onshape_export_manager.queue] Claimed queue job id=666095cb-8a86-433e-b92d-3ad60b1a3818
2026-07-08 21:51:03 ERROR    [onshape_export_manager.worker] Queued export failed id=f7fd731a-6a94-445f-aa39-36e11e8d9a31: ValueError: unknown or disabled label 'A'
Traceback (most recent call last):
  File "/Users/hrebis/Desktop/OnshapeExportTool/onshape_export_manager/core/worker.py", line 372, in _run_job
    request = self._build_request(job)
  File "/Users/hrebis/Desktop/OnshapeExportTool/onshape_export_manager/core/worker.py", line 487, in _build_request
    raise ValueError(f"unknown or disabled label '{job.label_name}'")
ValueError: unknown or disabled label 'A'
2026-07-08 21:51:03 INFO     [onshape_export_manager.worker] Running queued export id=666095cb-8a86-433e-b92d-3ad60b1a3818 label=B profile=STL
2026-07-08 21:51:03 INFO     [onshape_export_manager.queue] Claimed queue job id=dab5e0d6-0d33-4dd2-95e3-ee79ee992fba
2026-07-08 21:51:03 INFO     [onshape_export_manager.worker] Running queued export id=dab5e0d6-0d33-4dd2-95e3-ee79ee992fba label=A profile=STL
2026-07-08 21:51:03 ERROR    [onshape_export_manager.worker] Queued export failed id=666095cb-8a86-433e-b92d-3ad60b1a3818: ValueError: unknown or disabled label 'B'
Traceback (most recent call last):
  File "/Users/hrebis/Desktop/OnshapeExportTool/onshape_export_manager/core/worker.py", line 372, in _run_job
    request = self._build_request(job)
  File "/Users/hrebis/Desktop/OnshapeExportTool/onshape_export_manager/core/worker.py", line 487, in _build_request
    raise ValueError(f"unknown or disabled label '{job.label_name}'")
ValueError: unknown or disabled label 'B'
2026-07-08 21:51:03 ERROR    [onshape_export_manager.worker] Queued export failed id=dab5e0d6-0d33-4dd2-95e3-ee79ee992fba: ValueError: unknown or disabled label 'A'
Traceback (most recent call last):
  File "/Users/hrebis/Desktop/OnshapeExportTool/onshape_export_manager/core/worker.py", line 372, in _run_job
    request = self._build_request(job)
  File "/Users/hrebis/Desktop/OnshapeExportTool/onshape_export_manager/core/worker.py", line 487, in _build_request
    raise ValueError(f"unknown or disabled label '{job.label_name}'")
ValueError: unknown or disabled label 'A'
2026-07-08 21:51:03 INFO     [onshape_export_manager.worker] Waiting up to 30s for worker oem-export-worker-0
2026-07-08 21:51:03 WARNING  [onshape_export_manager.queue] Queue job scheduled for retry id=f7fd731a-6a94-445f-aa39-36e11e8d9a31 retry_count=1 next_run_at=2026-07-08T18:51:04.013769+00:00 error=ValueError: unknown or disabled label 'A'
2026-07-08 21:51:03 INFO     [onshape_export_manager.queue] Claimed queue job id=05c46483-eb6c-4cdf-89f1-9b16455af859
2026-07-08 21:51:03 INFO     [onshape_export_manager.worker] Running queued export id=05c46483-eb6c-4cdf-89f1-9b16455af859 label=B profile=STL
2026-07-08 21:51:03 WARNING  [onshape_export_manager.queue] Queue job scheduled for retry id=dab5e0d6-0d33-4dd2-95e3-ee79ee992fba retry_count=1 next_run_at=2026-07-08T18:51:04.018087+00:00 error=ValueError: unknown or disabled label 'A'
2026-07-08 21:51:03 ERROR    [onshape_export_manager.worker] Queued export failed id=05c46483-eb6c-4cdf-89f1-9b16455af859: ValueError: unknown or disabled label 'B'
Traceback (most recent call last):
  File "/Users/hrebis/Desktop/OnshapeExportTool/onshape_export_manager/core/worker.py", line 372, in _run_job
    request = self._build_request(job)
  File "/Users/hrebis/Desktop/OnshapeExportTool/onshape_export_manager/core/worker.py", line 487, in _build_request
    raise ValueError(f"unknown or disabled label '{job.label_name}'")
ValueError: unknown or disabled label 'B'
2026-07-08 21:51:03 WARNING  [onshape_export_manager.queue] Queue job scheduled for retry id=666095cb-8a86-433e-b92d-3ad60b1a3818 retry_count=1 next_run_at=2026-07-08T18:51:04.015937+00:00 error=ValueError: unknown or disabled label 'B'
2026-07-08 21:51:03 WARNING  [onshape_export_manager.queue] Queue job scheduled for retry id=05c46483-eb6c-4cdf-89f1-9b16455af859 retry_count=1 next_run_at=2026-07-08T18:51:04.021392+00:00 error=ValueError: unknown or disabled label 'B'
2026-07-08 21:51:03 INFO     [onshape_export_manager.scheduler] Scheduler stopped
2026-07-08 21:51:03 INFO     [onshape_export_manager.worker] Background worker stopped (4 thread(s))
2026-07-08 21:51:22 INFO     [onshape_export_manager.audit] Audit service subscribed to event bus
2026-07-08 21:51:22 INFO     [onshape_export_manager.web] Web application initialized version=0.1.0
2026-07-08 21:51:22 INFO     [onshape_export_manager.audit] Audit service subscribed to event bus
2026-07-08 21:51:22 INFO     [onshape_export_manager.web] Web application initialized version=0.1.0
2026-07-08 21:51:22 INFO     [onshape_export_manager.notifications] Notification service started
2026-07-08 21:51:22 INFO     [onshape_export_manager.scheduler] Scheduler started
2026-07-08 21:51:22 INFO     [onshape_export_manager.worker] Scheduler subscribed to LABELS_CHANGED events
2026-07-08 21:51:22 INFO     [onshape_export_manager.worker] Started 4 background worker thread(s) (poll=5.0s, max_jobs_per_tick=25)
2026-07-08 21:51:22 INFO     [onshape_export_manager.worker] Waiting up to 30s for worker oem-export-worker-0
2026-07-08 21:51:22 INFO     [onshape_export_manager.scheduler] Scheduler stopped
2026-07-08 21:51:22 INFO     [onshape_export_manager.worker] Background worker stopped (4 thread(s))
2026-07-08 21:51:43 INFO     [onshape_export_manager.audit] Audit service subscribed to event bus
2026-07-08 21:51:43 INFO     [onshape_export_manager.web] Web application initialized version=0.1.0
2026-07-08 21:51:43 INFO     [onshape_export_manager.audit] Audit service subscribed to event bus
2026-07-08 21:51:43 INFO     [onshape_export_manager.web] Web application initialized version=0.1.0
2026-07-08 21:51:44 INFO     [onshape_export_manager.notifications] Notification service started
2026-07-08 21:51:44 INFO     [onshape_export_manager.scheduler] Scheduler started
2026-07-08 21:51:44 INFO     [onshape_export_manager.worker] Scheduler subscribed to LABELS_CHANGED events
2026-07-08 21:51:44 INFO     [onshape_export_manager.worker] Started 4 background worker thread(s) (poll=5.0s, max_jobs_per_tick=25)
