2026-06-26 16:20:53 INFO     [onshape_export_manager.web] Web application initialized version=0.1.0
2026-06-26 16:21:15 INFO     [onshape_export_manager.web] Web application initialized version=0.1.0
2026-06-26 16:21:15 INFO     [onshape_export_manager.web] Web application initialized version=0.1.0
2026-06-26 16:22:32 INFO     [onshape_export_manager.web] Web application initialized version=0.1.0
2026-06-26 16:31:53 INFO     [onshape_export_manager.web] Web application initialized version=0.1.0
2026-06-26 16:32:39 INFO     [onshape_export_manager.web] Web application initialized version=0.1.0
2026-06-26 16:33:43 INFO     [onshape_export_manager.web] Web application initialized version=0.1.0
2026-06-26 16:33:54 INFO     [onshape_export_manager.web] Web application initialized version=0.1.0
2026-06-26 16:41:17 INFO     [onshape_export_manager.web] Web application initialized version=0.1.0
2026-06-26 16:42:04 INFO     [onshape_export_manager.web] Web application initialized version=0.1.0
2026-06-26 16:42:05 INFO     [onshape_export_manager.web] Web application initialized version=0.1.0
2026-06-26 16:43:46 INFO     [onshape_export_manager.web] Web application initialized version=0.1.0
2026-06-26 16:49:32 INFO     [onshape_export_manager.web] Web application initialized version=0.1.0
2026-06-26 16:50:12 INFO     [onshape_export_manager.web] Web application initialized version=0.1.0
2026-06-26 16:53:28 INFO     [onshape_export_manager.web] Web application initialized version=0.1.0
2026-06-26 16:54:20 INFO     [onshape_export_manager.web] Web application initialized version=0.1.0
2026-06-26 16:57:31 INFO     [onshape_export_manager.web] Web application initialized version=0.1.0
2026-06-26 16:57:47 INFO     [onshape_export_manager.web] Web application initialized version=0.1.0
2026-06-26 16:57:47 INFO     [onshape_export_manager.web] Web application initialized version=0.1.0
2026-06-26 16:58:18 INFO     [onshape_export_manager.web] Web application initialized version=0.1.0
2026-06-26 16:58:55 INFO     [onshape_export_manager.web] Web application initialized version=0.1.0
2026-06-26 16:59:43 INFO     [onshape_export_manager.web] Web application initialized version=0.1.0
2026-06-26 17:01:08 INFO     [onshape_export_manager.web] Web application initialized version=0.1.0
2026-06-26 17:01:54 INFO     [onshape_export_manager.web] Web application initialized version=0.1.0
2026-06-26 17:17:35 INFO     [onshape_export_manager.web] Web application initialized version=0.1.0
2026-06-26 17:26:05 INFO     [onshape_export_manager.web] Web application initialized version=0.1.0
2026-06-26 21:44:30 INFO     [onshape_export_manager.web] Web application initialized version=0.1.0
2026-06-26 21:45:40 INFO     [onshape_export_manager.web] Web application initialized version=0.1.0
2026-06-26 21:46:06 INFO     [onshape_export_manager.web] Web application initialized version=0.1.0
2026-06-26 21:46:06 INFO     [onshape_export_manager.web] Web application initialized version=0.1.0
2026-06-26 21:46:06 INFO     [onshape_export_manager.web] Backup created via API: oem-backup-20260626-184606.zip
2026-06-26 21:46:34 INFO     [onshape_export_manager.web] Web application initialized version=0.1.0
2026-06-26 21:47:44 INFO     [onshape_export_manager.web] Web application initialized version=0.1.0
2026-06-26 21:48:17 INFO     [onshape_export_manager.web] Backup created via API: oem-backup-20260626-184817.zip
2026-06-26 21:49:40 INFO     [onshape_export_manager.web] Web application initialized version=0.1.0
2026-06-26 21:51:47 INFO     [onshape_export_manager.web] Web application initialized version=0.1.0
2026-06-26 22:00:47 INFO     [onshape_export_manager.web] Web application initialized version=0.1.0
2026-06-26 22:01:36 INFO     [onshape_export_manager.web] Web application initialized version=0.1.0
2026-06-26 22:02:00 INFO     [onshape_export_manager.web] Web application initialized version=0.1.0
2026-06-26 22:23:41 INFO     [onshape_export_manager.web] Web application initialized version=0.1.0
2026-06-26 22:24:18 INFO     [onshape_export_manager.web] Web application initialized version=0.1.0
2026-06-26 22:24:38 INFO     [onshape_export_manager.web] Web application initialized version=0.1.0
2026-06-26 22:24:50 INFO     [onshape_export_manager.web] Organization created: Engineering School
2026-06-26 22:24:50 INFO     [onshape_export_manager.web] Credential added to 71a4b568c8044a37bdb78f15ff2b27c3: Primary
2026-06-26 22:24:51 INFO     [onshape_export_manager.web] Credential added to 71a4b568c8044a37bdb78f15ff2b27c3: Backup
2026-06-26 22:25:34 INFO     [onshape_export_manager.web] Web application initialized version=0.1.0
2026-06-26 22:31:18 INFO     [onshape_export_manager.web] Web application initialized version=0.1.0
2026-06-26 22:31:54 INFO     [onshape_export_manager.web] Web application initialized version=0.1.0
2026-06-26 22:32:18 INFO     [onshape_export_manager.web] Web application initialized version=0.1.0
2026-06-26 22:33:15 INFO     [onshape_export_manager.web] Web application initialized version=0.1.0
2026-06-26 22:33:31 INFO     [onshape_export_manager.web] Web application initialized version=0.1.0
2026-06-26 22:35:03 INFO     [onshape_export_manager.web] Web application initialized version=0.1.0
2026-06-29 00:55:32 INFO     [onshape_export_manager.web] Web application initialized version=0.1.0
2026-06-29 00:55:32 INFO     [onshape_export_manager.web] Web application initialized version=0.1.0
2026-06-29 00:56:44 INFO     [onshape_export_manager.web] Web application initialized version=0.1.0
2026-06-29 00:57:10 INFO     [onshape_export_manager.web] Setup: owner account created
2026-06-29 00:57:14 INFO     [onshape_export_manager.web] Organization created: s
2026-06-29 00:57:17 INFO     [onshape_export_manager.web] Credential added to 357e1343490b41d6899ae587d0aa33cb: Primary
2026-06-29 00:57:24 INFO     [onshape_export_manager.web] Setup completed
2026-06-29 12:17:15 INFO     [onshape_export_manager.web] Web application initialized version=0.1.0
2026-06-29 12:17:55 INFO     [onshape_export_manager.web] Web application initialized version=0.1.0
2026-06-29 12:20:51 INFO     [onshape_export_manager.web] Web application initialized version=0.1.0
2026-06-29 12:22:07 INFO     [onshape_export_manager.web] Web application initialized version=0.1.0
2026-06-29 12:25:44 INFO     [onshape_export_manager.web] Web application initialized version=0.1.0
2026-07-08 19:47:49 INFO     [onshape_export_manager.web] Web application initialized version=0.1.0
2026-07-08 19:49:48 INFO     [onshape_export_manager.web] Web application initialized version=0.1.0
2026-07-08 19:51:30 INFO     [onshape_export_manager.web] Web application initialized version=0.1.0
2026-07-08 19:52:55 INFO     [onshape_export_manager.web] Web application initialized version=0.1.0
2026-07-08 19:54:19 INFO     [onshape_export_manager.web] Web application initialized version=0.1.0
2026-07-08 19:54:28 INFO     [onshape_export_manager.web] Web application initialized version=0.1.0
2026-07-08 19:57:42 INFO     [onshape_export_manager.web] Web application initialized version=0.1.0
2026-07-08 19:57:50 INFO     [onshape_export_manager.web] Web application initialized version=0.1.0
2026-07-08 19:59:40 INFO     [onshape_export_manager.web] Web application initialized version=0.1.0
2026-07-08 20:00:22 INFO     [onshape_export_manager.web] Web application initialized version=0.1.0
2026-07-08 20:01:29 INFO     [onshape_export_manager.web] Web application initialized version=0.1.0
2026-07-08 20:06:29 INFO     [onshape_export_manager.web] Web application initialized version=0.1.0
2026-07-08 20:06:38 INFO     [onshape_export_manager.web] Web application initialized version=0.1.0
2026-07-08 20:08:21 INFO     [onshape_export_manager.web] Web application initialized version=0.1.0
2026-07-08 20:10:19 INFO     [onshape_export_manager.web] Web application initialized version=0.1.0
2026-07-08 20:11:08 INFO     [onshape_export_manager.web] Web application initialized version=0.1.0
2026-07-08 20:25:13 INFO     [onshape_export_manager.web] Web application initialized version=0.1.0
2026-07-08 20:26:01 INFO     [onshape_export_manager.web] Web application initialized version=0.1.0
2026-07-08 20:26:12 INFO     [onshape_export_manager.web] Web application initialized version=0.1.0
2026-07-08 20:26:32 INFO     [onshape_export_manager.web] Web application initialized version=0.1.0
2026-07-08 20:26:54 INFO     [onshape_export_manager.web] Web application initialized version=0.1.0
2026-07-08 20:30:38 INFO     [onshape_export_manager.web] Web application initialized version=0.1.0
2026-07-08 20:33:02 INFO     [onshape_export_manager.web] Web application initialized version=0.1.0
2026-07-08 20:36:52 INFO     [onshape_export_manager.web] Web application initialized version=0.1.0
2026-07-08 20:37:39 INFO     [onshape_export_manager.web] Web application initialized version=0.1.0
2026-07-08 20:37:54 INFO     [onshape_export_manager.web] Web application initialized version=0.1.0
2026-07-08 20:38:19 INFO     [onshape_export_manager.web] Web application initialized version=0.1.0
2026-07-08 20:39:15 INFO     [onshape_export_manager.web] Web application initialized version=0.1.0
2026-07-08 20:41:03 INFO     [onshape_export_manager.web] Web application initialized version=0.1.0
2026-07-08 20:41:19 INFO     [onshape_export_manager.web] Web application initialized version=0.1.0
2026-07-08 20:43:02 INFO     [onshape_export_manager.web] Web application initialized version=0.1.0
2026-07-08 20:46:53 INFO     [onshape_export_manager.web] Web application initialized version=0.1.0
2026-07-08 20:48:27 INFO     [onshape_export_manager.web] Web application initialized version=0.1.0
2026-07-08 20:51:45 INFO     [onshape_export_manager.web] Web application initialized version=0.1.0
2026-07-08 20:52:20 INFO     [onshape_export_manager.web] Web application initialized version=0.1.0
2026-07-08 21:21:56 INFO     [onshape_export_manager.web] Web application initialized version=0.1.0
2026-07-08 21:21:56 INFO     [onshape_export_manager.web] Web application initialized version=0.1.0
2026-07-08 21:22:42 INFO     [onshape_export_manager.web] Web application initialized version=0.1.0
2026-07-08 21:22:52 INFO     [onshape_export_manager.web] Web application initialized version=0.1.0
2026-07-08 21:22:57 INFO     [onshape_export_manager.web] Web application initialized version=0.1.0
2026-07-08 21:23:11 INFO     [onshape_export_manager.web] Web application initialized version=0.1.0
2026-07-08 21:23:32 INFO     [onshape_export_manager.web] Web application initialized version=0.1.0
2026-07-08 21:23:40 INFO     [onshape_export_manager.web] Web application initialized version=0.1.0
2026-07-08 21:23:41 INFO     [onshape_export_manager.web] Web application initialized version=0.1.0
2026-07-08 21:23:47 INFO     [onshape_export_manager.web] Web application initialized version=0.1.0
2026-07-08 21:25:09 INFO     [onshape_export_manager.web] Web application initialized version=0.1.0
2026-07-08 21:26:07 INFO     [onshape_export_manager.web] Web application initialized version=0.1.0
2026-07-08 21:27:05 INFO     [onshape_export_manager.web] Web application initialized version=0.1.0
2026-07-08 21:27:10 INFO     [onshape_export_manager.web] Web application initialized version=0.1.0
2026-07-08 21:27:44 INFO     [onshape_export_manager.web] Web application initialized version=0.1.0
2026-07-08 21:28:31 INFO     [onshape_export_manager.web] Web application initialized version=0.1.0
2026-07-08 21:28:55 INFO     [onshape_export_manager.web] Web application initialized version=0.1.0
2026-07-08 21:28:55 INFO     [onshape_export_manager.web] Web application initialized version=0.1.0
2026-07-08 21:31:15 INFO     [onshape_export_manager.web] Web application initialized version=0.1.0
2026-07-08 21:31:15 INFO     [onshape_export_manager.web] Web application initialized version=0.1.0
2026-07-08 21:36:35 INFO     [onshape_export_manager.web] Web application initialized version=0.1.0
2026-07-08 21:38:02 INFO     [onshape_export_manager.web] Web application initialized version=0.1.0
2026-07-08 21:38:56 INFO     [onshape_export_manager.web] Web application initialized version=0.1.0
2026-07-08 21:41:45 INFO     [onshape_export_manager.web] Web application initialized version=0.1.0
2026-07-08 21:42:54 INFO     [onshape_export_manager.web] Web application initialized version=0.1.0
2026-07-08 21:44:28 INFO     [onshape_export_manager.web] Web application initialized version=0.1.0
2026-07-08 21:47:38 INFO     [onshape_export_manager.web] Web application initialized version=0.1.0
2026-07-08 21:48:27 INFO     [onshape_export_manager.web] Web application initialized version=0.1.0
2026-07-08 21:48:39 INFO     [onshape_export_manager.web] Web application initialized version=0.1.0
2026-07-08 21:48:59 INFO     [onshape_export_manager.web] Web application initialized version=0.1.0
2026-07-08 21:49:18 INFO     [onshape_export_manager.web] Web application initialized version=0.1.0
2026-07-08 21:49:55 INFO     [onshape_export_manager.web] Web application initialized version=0.1.0
2026-07-08 21:49:55 INFO     [onshape_export_manager.web] Web application initialized version=0.1.0
2026-07-08 21:49:55 WARNING  [onshape_export_manager.web] Worker failed to start: EventBus.subscribe() got an unexpected keyword argument 'event_type'
2026-07-08 21:50:43 INFO     [onshape_export_manager.web] Web application initialized version=0.1.0
2026-07-08 21:51:02 INFO     [onshape_export_manager.web] Web application initialized version=0.1.0
2026-07-08 21:51:02 INFO     [onshape_export_manager.web] Web application initialized version=0.1.0
2026-07-08 21:51:22 INFO     [onshape_export_manager.web] Web application initialized version=0.1.0
2026-07-08 21:51:22 INFO     [onshape_export_manager.web] Web application initialized version=0.1.0
2026-07-08 21:51:43 INFO     [onshape_export_manager.web] Web application initialized version=0.1.0
2026-07-08 21:51:43 INFO     [onshape_export_manager.web] Web application initialized version=0.1.0
