2026-06-29 00:55:32 INFO     [onshape_export_manager.worker] Background worker started (poll=5.0s, max_jobs_per_tick=25)
2026-06-29 00:56:29 INFO     [onshape_export_manager.worker] Background worker stopped
2026-06-29 00:56:44 INFO     [onshape_export_manager.worker] Background worker started (poll=5.0s, max_jobs_per_tick=25)
2026-07-08 21:51:03 INFO     [onshape_export_manager.worker] Scheduler subscribed to LABELS_CHANGED events
2026-07-08 21:51:03 INFO     [onshape_export_manager.worker] Started 4 background worker thread(s) (poll=5.0s, max_jobs_per_tick=25)
2026-07-08 21:51:03 INFO     [onshape_export_manager.worker] Running queued export id=f7fd731a-6a94-445f-aa39-36e11e8d9a31 label=A profile=STL
2026-07-08 21:51:03 ERROR    [onshape_export_manager.worker] Queued export failed id=f7fd731a-6a94-445f-aa39-36e11e8d9a31: ValueError: unknown or disabled label 'A'
Traceback (most recent call last):
  File "/Users/hrebis/Desktop/OnshapeExportTool/onshape_export_manager/core/worker.py", line 372, in _run_job
    request = self._build_request(job)
  File "/Users/hrebis/Desktop/OnshapeExportTool/onshape_export_manager/core/worker.py", line 487, in _build_request
    raise ValueError(f"unknown or disabled label '{job.label_name}'")
ValueError: unknown or disabled label 'A'
2026-07-08 21:51:03 INFO     [onshape_export_manager.worker] Running queued export id=666095cb-8a86-433e-b92d-3ad60b1a3818 label=B profile=STL
2026-07-08 21:51:03 INFO     [onshape_export_manager.worker] Running queued export id=dab5e0d6-0d33-4dd2-95e3-ee79ee992fba label=A profile=STL
2026-07-08 21:51:03 ERROR    [onshape_export_manager.worker] Queued export failed id=666095cb-8a86-433e-b92d-3ad60b1a3818: ValueError: unknown or disabled label 'B'
Traceback (most recent call last):
  File "/Users/hrebis/Desktop/OnshapeExportTool/onshape_export_manager/core/worker.py", line 372, in _run_job
    request = self._build_request(job)
  File "/Users/hrebis/Desktop/OnshapeExportTool/onshape_export_manager/core/worker.py", line 487, in _build_request
    raise ValueError(f"unknown or disabled label '{job.label_name}'")
ValueError: unknown or disabled label 'B'
2026-07-08 21:51:03 ERROR    [onshape_export_manager.worker] Queued export failed id=dab5e0d6-0d33-4dd2-95e3-ee79ee992fba: ValueError: unknown or disabled label 'A'
Traceback (most recent call last):
  File "/Users/hrebis/Desktop/OnshapeExportTool/onshape_export_manager/core/worker.py", line 372, in _run_job
    request = self._build_request(job)
  File "/Users/hrebis/Desktop/OnshapeExportTool/onshape_export_manager/core/worker.py", line 487, in _build_request
    raise ValueError(f"unknown or disabled label '{job.label_name}'")
ValueError: unknown or disabled label 'A'
2026-07-08 21:51:03 INFO     [onshape_export_manager.worker] Waiting up to 30s for worker oem-export-worker-0
2026-07-08 21:51:03 INFO     [onshape_export_manager.worker] Running queued export id=05c46483-eb6c-4cdf-89f1-9b16455af859 label=B profile=STL
2026-07-08 21:51:03 ERROR    [onshape_export_manager.worker] Queued export failed id=05c46483-eb6c-4cdf-89f1-9b16455af859: ValueError: unknown or disabled label 'B'
Traceback (most recent call last):
  File "/Users/hrebis/Desktop/OnshapeExportTool/onshape_export_manager/core/worker.py", line 372, in _run_job
    request = self._build_request(job)
  File "/Users/hrebis/Desktop/OnshapeExportTool/onshape_export_manager/core/worker.py", line 487, in _build_request
    raise ValueError(f"unknown or disabled label '{job.label_name}'")
ValueError: unknown or disabled label 'B'
2026-07-08 21:51:03 INFO     [onshape_export_manager.worker] Background worker stopped (4 thread(s))
2026-07-08 21:51:22 INFO     [onshape_export_manager.worker] Scheduler subscribed to LABELS_CHANGED events
2026-07-08 21:51:22 INFO     [onshape_export_manager.worker] Started 4 background worker thread(s) (poll=5.0s, max_jobs_per_tick=25)
2026-07-08 21:51:22 INFO     [onshape_export_manager.worker] Waiting up to 30s for worker oem-export-worker-0
2026-07-08 21:51:22 INFO     [onshape_export_manager.worker] Background worker stopped (4 thread(s))
2026-07-08 21:51:44 INFO     [onshape_export_manager.worker] Scheduler subscribed to LABELS_CHANGED events
2026-07-08 21:51:44 INFO     [onshape_export_manager.worker] Started 4 background worker thread(s) (poll=5.0s, max_jobs_per_tick=25)
